{"onconnection":57}
{"messageOnconnection":1,"author":"Admin","wsId":57}
{"message":"1","author":"Admin","chat":15,"chatType":"dialog","messageType":"NEW","time":"2023-08-12 02:02:49","msg":"13"}
{"msg":"13","chat":"15","message":"11","time":"2023-08-12 02:02:49","messageType":"EDIT"}
{"msg":"13","chat":"15","messageType":"REMOVE"}
Connection Admin completed
{"onconnection":100}
{"messageOnconnection":1,"author":"Admin","wsId":100}
Connection Admin completed
{"onconnection":108}
{"messageOnconnection":1,"author":"Admin","wsId":108}
Connection Admin completed
{"onconnection":116}
{"messageOnconnection":1,"author":"Admin","wsId":116}
Connection Admin completed
{"onconnection":124}
{"messageOnconnection":1,"author":"Admin","wsId":124}
Connection Admin completed
{"onconnection":132}
{"messageOnconnection":1,"author":"Admin","wsId":132}
Connection Admin completed
{"onconnection":140}
{"messageOnconnection":1,"author":"Admin","wsId":140}
Connection Admin completed
{"onconnection":148}
{"messageOnconnection":1,"author":"Admin","wsId":148}
Connection Admin completed
{"onconnection":156}
{"messageOnconnection":1,"author":"Admin","wsId":156}
Connection Admin completed
{"onconnection":164}
{"messageOnconnection":1,"author":"Admin","wsId":164}
Connection Admin completed
{"onconnection":172}
{"messageOnconnection":1,"author":"Admin","wsId":172}
Connection Admin completed
{"onconnection":180}
{"messageOnconnection":1,"author":"Admin","wsId":180}
Connection Admin completed
{"onconnection":188}
{"messageOnconnection":1,"author":"Admin","wsId":188}
Connection Admin completed
{"onconnection":196}
{"messageOnconnection":1,"author":"Admin","wsId":196}
Connection Admin completed
{"onconnection":204}
{"messageOnconnection":1,"author":"Admin","wsId":204}
Connection Admin completed
{"onconnection":212}
{"messageOnconnection":1,"author":"Admin","wsId":212}
Connection Admin completed
{"onconnection":220}
{"messageOnconnection":1,"author":"Admin","wsId":220}
Connection Admin completed
{"onconnection":228}
{"messageOnconnection":1,"author":"Admin","wsId":228}
Connection Admin completed
